Arguments: 
  C:\Program Files\nodejs\node.exe C:\Users\Rahul Jain\AppData\Roaming\npm\node_modules\yarn\bin\yarn.js add nodemon

PATH: 
  C:\windows\system32;C:\windows;C:\windows\System32\Wbem;C:\windows\System32\WindowsPowerShell\v1.0\;C:\windows\System32\OpenSSH\;C:\Program Files\Git\cmd;C:\Program Files\nodejs\;C:\Users\Rahul Jain\AppData\Local\Microsoft\WindowsApps;C:\Users\Rahul Jain\AppData\Local\Programs\Microsoft VS Code\bin;C:\MinGW\bin;C:\src\flutter\bin;C:\Users\Rahul Jain\AppData\Roaming\npm

Yarn version: 
  1.22.19

Node version: 
  16.16.0

Platform: 
  win32 x64

Trace: 
  Error: getaddrinfo ENOTFOUND registry.yarnpkg.com
      at GetAddrInfoReqWrap.onlookup [as oncomplete] (node:dns:71:26)

npm manifest: 
  {
    "dependencies": {
      "bcrypt": "^5.0.1",
      "dotenv": "^16.0.1",
      "express": "^4.18.1",
      "mongoose": "^6.5.3",
      "multer": "^1.4.5-lts.1",
      "nodemon": "^2.0.19",
      "path": "^0.12.7",
      "proxy": "^1.0.2"
    },
    "name": "api",
    "proxy": {
      "/auth/google": {
        "target": "http://127.0.0.1:5000"
      }
    },
    "version": "1.0.0",
    "main": "index.js",
    "scripts": {
      "start": "nodemon index.js",
      "server": "nodemon index.js --ignore client"
    },
    "author": "",
    "license": "ISC",
    "description": ""
  }

yarn manifest: 
  No manifest

Lockfile: 
  # THIS IS AN AUTOGENERATED FILE. DO NOT EDIT THIS FILE DIRECTLY.
  # yarn lockfile v1
  
  
  "@mapbox/node-pre-gyp@^1.0.0":
    "integrity" "sha512-4srsKPXWlIxp5Vbqz5uLfBN+du2fJChBoYn/f2h991WLdk7jUvcSk/McVLSv/X+xQIPI8eGD5GjrnygdyHnhPA=="
    "resolved" "https://registry.npmjs.org/@mapbox/node-pre-gyp/-/node-pre-gyp-1.0.5.tgz"
    "version" "1.0.5"
    dependencies:
      "detect-libc" "^1.0.3"
      "https-proxy-agent" "^5.0.0"
      "make-dir" "^3.1.0"
      "node-fetch" "^2.6.1"
      "nopt" "^5.0.0"
      "npmlog" "^4.1.2"
      "rimraf" "^3.0.2"
      "semver" "^7.3.4"
      "tar" "^6.1.0"
  
  "@types/node@*":
    "integrity" "sha512-46yIhxSe5xEaJZXWdIBP7GU4HDTG8/eo0qd9atdiL+lFpA03y8KS+lkTN834TWJj5767GbWv4n/P6efyTFt1Dw=="
    "resolved" "https://registry.npmjs.org/@types/node/-/node-18.7.13.tgz"
    "version" "18.7.13"
  
  "@types/webidl-conversions@*":
    "integrity" "sha512-XAahCdThVuCFDQLT7R7Pk/vqeObFNL3YqRyFZg+AqAP/W1/w3xHaIxuW7WszQqTbIBOPRcItYJIou3i/mppu3Q=="
    "resolved" "https://registry.npmjs.org/@types/webidl-conversions/-/webidl-conversions-6.1.1.tgz"
    "version" "6.1.1"
  
  "@types/whatwg-url@^8.2.1":
    "integrity" "sha512-FtQu10RWgn3D9U4aazdwIE2yzphmTJREDqNdODHrbrZmmMqI0vMheC/6NE/J1Yveaj8H+ela+YwWTjq5PGmuhA=="
    "resolved" "https://registry.npmjs.org/@types/whatwg-url/-/whatwg-url-8.2.2.tgz"
    "version" "8.2.2"
    dependencies:
      "@types/node" "*"
      "@types/webidl-conversions" "*"
  
  "abbrev@1":
    "integrity" "sha512-nne9/IiQ/hzIhY6pdDnbBtz7DjPTKrY00P/zvPSm5pOFkl6xuGrGnXn/VtTNNfNtAfZ9/1RtehkszU9qcTii0Q=="
    "resolved" "https://registry.npmjs.org/abbrev/-/abbrev-1.1.1.tgz"
    "version" "1.1.1"
  
  "accepts@~1.3.8":
    "integrity" "sha512-PYAthTa2m2VKxuvSD3DPC/Gy+U+sOA1LAuT8mkmRuvw+NACSaeXEQ+NHcVF7rONl6qcaxV3Uuemwawk+7+SJLw=="
    "resolved" "https://registry.npmjs.org/accepts/-/accepts-1.3.8.tgz"
    "version" "1.3.8"
    dependencies:
      "mime-types" "~2.1.34"
      "negotiator" "0.6.3"
  
  "agent-base@6":
    "integrity" "sha512-RZNwNclF7+MS/8bDg70amg32dyeZGZxiDuQmZxKLAlQjr3jGyLx+4Kkk58UO7D2QdgFIQCovuSuZESne6RG6XQ=="
    "resolved" "https://registry.npmjs.org/agent-base/-/agent-base-6.0.2.tgz"
    "version" "6.0.2"
    dependencies:
      "debug" "4"
  
  "ansi-regex@^2.0.0":
    "integrity" "sha1-w7M6te42DYbg5ijwRorn7yfWVN8= sha512-TIGnTpdo+E3+pCyAluZvtED5p5wCqLdezCyhPZzKPcxvFplEt4i+W7OONCKgeZFT3+y5NZZfOOS/Bdcanm1MYA=="
    "resolved" "https://registry.npmjs.org/ansi-regex/-/ansi-regex-2.1.1.tgz"
    "version" "2.1.1"
  
  "ansi-styles@^3.2.1":
    "integrity" "sha512-VT0ZI6kZRdTh8YyJw3SMbYm/u+NqfsAxEpWO0Pf9sq8/e94WxxOpPKx9FR1FlyCtOVDNOQ+8ntlqFxiRc+r5qA=="
    "resolved" "https://registry.npmjs.org/ansi-styles/-/ansi-styles-3.2.1.tgz"
    "version" "3.2.1"
    dependencies:
      "color-convert" "^1.9.0"
  
  "anymatch@~3.1.2":
    "integrity" "sha512-P43ePfOAIupkguHUycrc4qJ9kz8ZiuOUijaETwX7THt0Y/GNK7v0aa8rY816xWjZ7rJdA5XdMcpVFTKMq+RvWg=="
    "resolved" "https://registry.npmjs.org/anymatch/-/anymatch-3.1.2.tgz"
    "version" "3.1.2"
    dependencies:
      "normalize-path" "^3.0.0"
      "picomatch" "^2.0.4"
  
  "append-field@^1.0.0":
    "integrity" "sha1-HjRA6RXwsSA9I3SOeO3XubW0PlY= sha512-klpgFSWLW1ZEs8svjfb7g4qWY0YS5imI82dTg+QahUvJ8YqAY0P10Uk8tTyh9ZGuYEZEMaeJYCF5BFuX552hsw=="
    "resolved" "https://registry.npmjs.org/append-field/-/append-field-1.0.0.tgz"
    "version" "1.0.0"
  
  "aproba@^1.0.3":
    "integrity" "sha512-Y9J6ZjXtoYh8RnXVCMOU/ttDmk1aBjunq9vO0ta5x85WDQiQfUF9sIPBITdbiiIVcBo03Hi3jMxigBtsddlXRw=="
    "resolved" "https://registry.npmjs.org/aproba/-/aproba-1.2.0.tgz"
    "version" "1.2.0"
  
  "are-we-there-yet@~1.1.2":
    "integrity" "sha512-5hYdAkZlcG8tOLujVDTgCT+uPX0VnpAH28gWsLfzpXYm7wP6mp5Q/gYyR7YQ0cKVJcXJnl3j2kpBan13PtQf6w=="
    "resolved" "https://registry.npmjs.org/are-we-there-yet/-/are-we-there-yet-1.1.5.tgz"
    "version" "1.1.5"
    dependencies:
      "delegates" "^1.0.0"
      "readable-stream" "^2.0.6"
  
  "args@5.0.1":
    "integrity" "sha512-1kqmFCFsPffavQFGt8OxJdIcETti99kySRUPMpOhaGjL6mRJn8HFU1OxKY5bMqfZKUwTQc1mZkAjmGYaVOHFtQ=="
    "resolved" "https://registry.npmjs.org/args/-/args-5.0.1.tgz"
    "version" "5.0.1"
    dependencies:
      "camelcase" "5.0.0"
      "chalk" "2.4.2"
      "leven" "2.1.0"
      "mri" "1.1.4"
  
  "array-flatten@1.1.1":
    "integrity" "sha1-ml9pkFGx5wczKPKgCJaLZOopVdI= sha512-PCVAQswWemu6UdxsDFFX/+gVeYqKAod3D3UVm91jHwynguOwAvYPhx8nNlM++NqRcK6CxxpUafjmhIdKiHibqg=="
    "resolved" "https://registry.npmjs.org/array-flatten/-/array-flatten-1.1.1.tgz"
    "version" "1.1.1"
  
  "balanced-match@^1.0.0":
    "integrity" "sha512-3oSeUO0TMV67hN1AmbXsK4yaqU7tjiHlbxRDZOpH0KW9+CeX4bRAaX0Anxt0tx2MrpRpWwQaPwIlISEJhYU5Pw=="
    "resolved" "https://registry.npmjs.org/balanced-match/-/balanced-match-1.0.2.tgz"
    "version" "1.0.2"
  
  "base64-js@^1.3.1":
    "integrity" "sha512-AKpaYlHn8t4SVbOHCy+b5+KKgvR4vrsD8vbvrbiQJps7fKDTkjkDry6ji0rUJjC0kzbNePLwzxq8iypo41qeWA=="
    "resolved" "https://registry.npmjs.org/base64-js/-/base64-js-1.5.1.tgz"
    "version" "1.5.1"
  
  "basic-auth-parser@0.0.2":
    "integrity" "sha512-Y7OBvWn+JnW45JWHLY6ybYub2k9cXCMrtCyO1Hds2s6eqClqWhPnOQpgXUPjAiMHj+A8TEPIQQ1dYENnJoBOHQ=="
    "resolved" "https://registry.npmjs.org/basic-auth-parser/-/basic-auth-parser-0.0.2.tgz"
    "version" "0.0.2"
  
  "bcrypt@^5.0.1":
    "integrity" "sha512-9BTgmrhZM2t1bNuDtrtIMVSmmxZBrJ71n8Wg+YgdjHuIWYF7SjjmCPZFB+/5i/o/PIeRpwVJR3P+NrpIItUjqw=="
    "resolved" "https://registry.npmjs.org/bcrypt/-/bcrypt-5.0.1.tgz"
    "version" "5.0.1"
    dependencies:
      "@mapbox/node-pre-gyp" "^1.0.0"
      "node-addon-api" "^3.1.0"
  
  "binary-extensions@^2.0.0":
    "integrity" "sha512-jDctJ/IVQbZoJykoeHbhXpOlNBqGNcwXJKJog42E5HDPUwQTSdjCHdihjj0DlnheQ7blbT6dHOafNAiS8ooQKA=="
    "resolved" "https://registry.npmjs.org/binary-extensions/-/binary-extensions-2.2.0.tgz"
    "version" "2.2.0"
  
  "body-parser@1.20.0":
    "integrity" "sha512-DfJ+q6EPcGKZD1QWUjSpqp+Q7bDQTsQIF4zfUAtZ6qk+H/3/QRhg9CEp39ss+/T2vw0+HaidC0ecJj/DRLIaKg=="
    "resolved" "https://registry.npmjs.org/body-parser/-/body-parser-1.20.0.tgz"
    "version" "1.20.0"
    dependencies:
      "bytes" "3.1.2"
      "content-type" "~1.0.4"
      "debug" "2.6.9"
      "depd" "2.0.0"
      "destroy" "1.2.0"
      "http-errors" "2.0.0"
      "iconv-lite" "0.4.24"
      "on-finished" "2.4.1"
      "qs" "6.10.3"
      "raw-body" "2.5.1"
      "type-is" "~1.6.18"
      "unpipe" "1.0.0"
  
  "brace-expansion@^1.1.7":
    "integrity" "sha512-iCuPHDFgrHX7H2vEI/5xpz07zSHB00TpugqhmYtVmMO6518mCuRMoOYFldEBl0g187ufozdaHgWKcYFb61qGiA=="
    "resolved" "https://registry.npmjs.org/brace-expansion/-/brace-expansion-1.1.11.tgz"
    "version" "1.1.11"
    dependencies:
      "balanced-match" "^1.0.0"
      "concat-map" "0.0.1"
  
  "braces@~3.0.2":
    "integrity" "sha512-b8um+L1RzM3WDSzvhm6gIz1yfTbBt6YTlcEKAvsmqCZZFw46z626lVj9j1yEPW33H5H+lBQpZMP1k8l+78Ha0A=="
    "resolved" "https://registry.npmjs.org/braces/-/braces-3.0.2.tgz"
    "version" "3.0.2"
    dependencies:
      "fill-range" "^7.0.1"
  
  "bson@^4.6.5":
    "integrity" "sha512-VrlEE4vuiO1WTpfof4VmaVolCVYkYTgB9iWgYNOrVlnifpME/06fhFRmONgBhClD5pFC1t9ZWqFUQEQAzY43bA=="
    "resolved" "https://registry.npmjs.org/bson/-/bson-4.7.0.tgz"
    "version" "4.7.0"
    dependencies:
      "buffer" "^5.6.0"
  
  "buffer-from@^1.0.0":
    "integrity" "sha512-MQcXEUbCKtEo7bhqEs6560Hyd4XaovZlO/k9V3hjVUF/zwW7KBVdSK4gIt/bzwS9MbR5qob+F5jusZsb0YQK2A=="
    "resolved" "https://registry.npmjs.org/buffer-from/-/buffer-from-1.1.1.tgz"
    "version" "1.1.1"
  
  "buffer@^5.6.0":
    "integrity" "sha512-EHcyIPBQ4BSGlvjB16k5KgAJ27CIsHY/2JBmCRReo48y9rQ3MaUzWX3KVlBa4U7MyX02HdVj0K7C3WaB3ju7FQ=="
    "resolved" "https://registry.npmjs.org/buffer/-/buffer-5.7.1.tgz"
    "version" "5.7.1"
    dependencies:
      "base64-js" "^1.3.1"
      "ieee754" "^1.1.13"
  
  "busboy@^1.0.0":
    "integrity" "sha512-8SFQbg/0hQ9xy3UNTB0YEnsNBbWfhf7RtnzpL7TkBiTBRfrQ9Fxcnz7VJsleJpyp6rVLvXiuORqjlHi5q+PYuA=="
    "resolved" "https://registry.npmjs.org/busboy/-/busboy-1.6.0.tgz"
    "version" "1.6.0"
    dependencies:
      "streamsearch" "^1.1.0"
  
  "bytes@3.1.2":
    "integrity" "sha512-/Nf7TyzTx6S3yRJObOAV7956r8cr2+Oj8AC5dt8wSP3BQAoeX58NoHyCU8P8zGkNXStjTSi6fzO6F0pBdcYbEg=="
    "resolved" "https://registry.npmjs.org/bytes/-/bytes-3.1.2.tgz"
    "version" "3.1.2"
  
  "call-bind@^1.0.0":
    "integrity" "sha512-7O+FbCihrB5WGbFYesctwmTKae6rOiIzmz1icreWJ+0aA7LJfuqhEso2T9ncpcFtzMQtzXf2QGGueWJGTYsqrA=="
    "resolved" "https://registry.npmjs.org/call-bind/-/call-bind-1.0.2.tgz"
    "version" "1.0.2"
    dependencies:
      "function-bind" "^1.1.1"
      "get-intrinsic" "^1.0.2"
  
  "camelcase@5.0.0":
    "integrity" "sha512-faqwZqnWxbxn+F1d399ygeamQNy3lPp/H9H6rNrqYh4FSVCtcY+3cub1MxA8o9mDd55mM8Aghuu/kuyYA6VTsA=="
    "resolved" "https://registry.npmjs.org/camelcase/-/camelcase-5.0.0.tgz"
    "version" "5.0.0"
  
  "chalk@2.4.2":
    "integrity" "sha512-Mti+f9lpJNcwF4tWV8/OrTTtF1gZi+f8FqlyAdouralcFWFQWF2+NgCHShjkCb+IFBLq9buZwE1xckQU4peSuQ=="
    "resolved" "https://registry.npmjs.org/chalk/-/chalk-2.4.2.tgz"
    "version" "2.4.2"
    dependencies:
      "ansi-styles" "^3.2.1"
      "escape-string-regexp" "^1.0.5"
      "supports-color" "^5.3.0"
  
  "chokidar@^3.5.2":
    "integrity" "sha512-Dr3sfKRP6oTcjf2JmUmFJfeVMvXBdegxB0iVQ5eb2V10uFJUCAS8OByZdVAyVb8xXNz3GjjTgj9kLWsZTqE6kw=="
    "resolved" "https://registry.npmjs.org/chokidar/-/chokidar-3.5.3.tgz"
    "version" "3.5.3"
    dependencies:
      "anymatch" "~3.1.2"
      "braces" "~3.0.2"
      "glob-parent" "~5.1.2"
      "is-binary-path" "~2.1.0"
      "is-glob" "~4.0.1"
      "normalize-path" "~3.0.0"
      "readdirp" "~3.6.0"
    optionalDependencies:
      "fsevents" "~2.3.2"
  
  "chownr@^2.0.0":
    "integrity" "sha512-bIomtDF5KGpdogkLd9VspvFzk9KfpyyGlS8YFVZl7TGPBHL5snIOnxeshwVgPteQ9b4Eydl+pVbIyE1DcvCWgQ=="
    "resolved" "https://registry.npmjs.org/chownr/-/chownr-2.0.0.tgz"
    "version" "2.0.0"
  
  "code-point-at@^1.0.0":
    "integrity" "sha1-DQcLTQQ6W+ozovGkDi7bPZpMz3c= sha512-RpAVKQA5T63xEj6/giIbUEtZwJ4UFIc3ZtvEkiaUERylqe8xb5IvqcgOurZLahv93CLKfxcw5YI+DZcUBRyLXA=="
    "resolved" "https://registry.npmjs.org/code-point-at/-/code-point-at-1.1.0.tgz"
    "version" "1.1.0"
  
  "color-convert@^1.9.0":
    "integrity" "sha512-QfAUtd+vFdAtFQcC8CCyYt1fYWxSqAiK2cSD6zDB8N3cpsEBAvRxp9zOGg6G/SHHJYAT88/az/IuDGALsNVbGg=="
    "resolved" "https://registry.npmjs.org/color-convert/-/color-convert-1.9.3.tgz"
    "version" "1.9.3"
    dependencies:
      "color-name" "1.1.3"
  
  "color-name@1.1.3":
    "integrity" "sha512-72fSenhMw2HZMTVHeCA9KCmpEIbzWiQsjN+BHcBbS9vr1mtt+vJjPdksIBNUmKAW8TFUDPJK5SUU3QhE9NEXDw=="
    "resolved" "https://registry.npmjs.org/color-name/-/color-name-1.1.3.tgz"
    "version" "1.1.3"
  
  "concat-map@0.0.1":
    "integrity" "sha1-2Klr13/Wjfd5OnMDajug1UBdR3s= sha512-/Srv4dswyQNBfohGpz9o6Yb3Gz3SrUDqBH5rTuhGR7ahtlbYKnVxw2bCFMRljaA7EXHaXZ8wsHdodFvbkhKmqg=="
    "resolved" "https://registry.npmjs.org/concat-map/-/concat-map-0.0.1.tgz"
    "version" "0.0.1"
  
  "concat-stream@^1.5.2":
    "integrity" "sha512-27HBghJxjiZtIk3Ycvn/4kbJk/1uZuJFfuPEns6LaEvpvG1f0hTea8lilrouyo9mVc2GWdcEZ8OLoGmSADlrCw=="
    "resolved" "https://registry.npmjs.org/concat-stream/-/concat-stream-1.6.2.tgz"
    "version" "1.6.2"
    dependencies:
      "buffer-from" "^1.0.0"
      "inherits" "^2.0.3"
      "readable-stream" "^2.2.2"
      "typedarray" "^0.0.6"
  
  "console-control-strings@^1.0.0", "console-control-strings@~1.1.0":
    "integrity" "sha1-PXz0Rk22RG6mRL9LOVB/mFEAjo4= sha512-ty/fTekppD2fIwRvnZAVdeOiGd1c7YXEixbgJTNzqcxJWKQnjJ/V1bNEEE6hygpM3WjwHFUVK6HTjWSzV4a8sQ=="
    "resolved" "https://registry.npmjs.org/console-control-strings/-/console-control-strings-1.1.0.tgz"
    "version" "1.1.0"
  
  "content-disposition@0.5.4":
    "integrity" "sha512-FveZTNuGw04cxlAiWbzi6zTAL/lhehaWbTtgluJh4/E95DqMwTmha3KZN1aAWA8cFIhHzMZUvLevkw5Rqk+tSQ=="
    "resolved" "https://registry.npmjs.org/content-disposition/-/content-disposition-0.5.4.tgz"
    "version" "0.5.4"
    dependencies:
      "safe-buffer" "5.2.1"
  
  "content-type@~1.0.4":
    "integrity" "sha512-hIP3EEPs8tB9AT1L+NUqtwOAps4mk2Zob89MWXMHjHWg9milF/j4osnnQLXBCBFBk/tvIG/tUc9mOUJiPBhPXA=="
    "resolved" "https://registry.npmjs.org/content-type/-/content-type-1.0.4.tgz"
    "version" "1.0.4"
  
  "cookie-signature@1.0.6":
    "integrity" "sha1-4wOogrNCzD7oylE6eZmXNNqzriw= sha512-QADzlaHc8icV8I7vbaJXJwod9HWYp8uCqf1xa4OfNu1T7JVxQIrUgOWtHdNDtPiywmFbiS12VjotIXLrKM3orQ=="
    "resolved" "https://registry.npmjs.org/cookie-signature/-/cookie-signature-1.0.6.tgz"
    "version" "1.0.6"
  
  "cookie@0.5.0":
    "integrity" "sha512-YZ3GUyn/o8gfKJlnlX7g7xq4gyO6OSuhGPKaaGssGB2qgDUS0gPgtTvoyZLTt9Ab6dC4hfc9dV5arkvc/OCmrw=="
    "resolved" "https://registry.npmjs.org/cookie/-/cookie-0.5.0.tgz"
    "version" "0.5.0"
  
  "core-util-is@~1.0.0":
    "integrity" "sha1-tf1UIgqivFq1eqtxQMlAdUUDwac= sha512-3lqz5YjWTYnW6dlDa5TLaTCcShfar1e40rmcJVwCBJC6mWlFuj0eCHIElmG1g5kyuJ/GD+8Wn4FFCcz4gJPfaQ=="
    "resolved" "https://registry.npmjs.org/core-util-is/-/core-util-is-1.0.2.tgz"
    "version" "1.0.2"
  
  "debug@^3.2.7":
    "integrity" "sha512-CFjzYYAi4ThfiQvizrFQevTTXHtnCqWfe7x1AhgEscTz6ZbLbfoLRLPugTQyBth6f8ZERVUSyWHFD/7Wu4t1XQ=="
    "resolved" "https://registry.npmjs.org/debug/-/debug-3.2.7.tgz"
    "version" "3.2.7"
    dependencies:
      "ms" "^2.1.1"
  
  "debug@^4.1.1":
    "integrity" "sha512-PRWFHuSU3eDtQJPvnNY7Jcket1j0t5OuOsFzPPzsekD52Zl8qUfFIPEiswXqIvHWGVHOgX+7G/vCNNhehwxfkQ=="
    "resolved" "https://registry.npmjs.org/debug/-/debug-4.3.4.tgz"
    "version" "4.3.4"
    dependencies:
      "ms" "2.1.2"
  
  "debug@2.6.9":
    "integrity" "sha512-bC7ElrdJaJnPbAP+1EotYvqZsb3ecl5wi6Bfi6BJTUcNowp6cvspg0jXznRTKDjm/E7AdgFBVeAPVMNcKGsHMA=="
    "resolved" "https://registry.npmjs.org/debug/-/debug-2.6.9.tgz"
    "version" "2.6.9"
    dependencies:
      "ms" "2.0.0"
  
  "debug@4.x":
    "integrity" "sha512-PRWFHuSU3eDtQJPvnNY7Jcket1j0t5OuOsFzPPzsekD52Zl8qUfFIPEiswXqIvHWGVHOgX+7G/vCNNhehwxfkQ=="
    "resolved" "https://registry.npmjs.org/debug/-/debug-4.3.4.tgz"
    "version" "4.3.4"
    dependencies:
      "ms" "2.1.2"
  
  "debug@4":
    "integrity" "sha512-doEwdvm4PCeK4K3RQN2ZC2BYUBaxwLARCqZmMjtF8a51J2Rb0xpVloFRnCODwqjpwnAoao4pelN8l3RJdv3gRQ=="
    "resolved" "https://registry.npmjs.org/debug/-/debug-4.3.1.tgz"
    "version" "4.3.1"
    dependencies:
      "ms" "2.1.2"
  
  "delegates@^1.0.0":
    "integrity" "sha1-hMbhWbgZBP3KWaDvRM2HDTElD5o= sha512-bd2L678uiWATM6m5Z1VzNCErI3jiGzt6HGY8OVICs40JQq/HALfbyNJmp0UDakEY4pMMaN0Ly5om/B1VI/+xfQ=="
    "resolved" "https://registry.npmjs.org/delegates/-/delegates-1.0.0.tgz"
    "version" "1.0.0"
  
  "denque@^2.0.1":
    "integrity" "sha512-HVQE3AAb/pxF8fQAoiqpvg9i3evqug3hoiwakOyZAwJm+6vZehbkYXZ0l4JxS+I3QxM97v5aaRNhj8v5oBhekw=="
    "resolved" "https://registry.npmjs.org/denque/-/denque-2.1.0.tgz"
    "version" "2.1.0"
  
  "depd@2.0.0":
    "integrity" "sha512-g7nH6P6dyDioJogAAGprGpCtVImJhpPk/roCzdb3fIh61/s/nPsfR6onyMwkCAR/OlC3yBC0lESvUoQEAssIrw=="
    "resolved" "https://registry.npmjs.org/depd/-/depd-2.0.0.tgz"
    "version" "2.0.0"
  
  "destroy@1.2.0":
    "integrity" "sha512-2sJGJTaXIIaR1w4iJSNoN0hnMY7Gpc/n8D4qSCJw8QqFWXf7cuAgnEHxBpweaVcPevC2l3KpjYCx3NypQQgaJg=="
    "resolved" "https://registry.npmjs.org/destroy/-/destroy-1.2.0.tgz"
    "version" "1.2.0"
  
  "detect-libc@^1.0.3":
    "integrity" "sha1-+hN8S9aY7fVc1c0CrFWfkaTEups= sha512-pGjwhsmsp4kL2RTz08wcOlGN83otlqHeD/Z5T8GXZB+/YcpQ/dgo+lbU8ZsGxV0HIvqqxo9l7mqYwyYMD9bKDg=="
    "resolved" "https://registry.npmjs.org/detect-libc/-/detect-libc-1.0.3.tgz"
    "version" "1.0.3"
  
  "dotenv@^16.0.1":
    "integrity" "sha512-1K6hR6wtk2FviQ4kEiSjFiH5rpzEVi8WW0x96aztHVMhEspNpc4DVOUTEHtEva5VThQ8IaBX1Pe4gSzpVVUsKQ=="
    "resolved" "https://registry.npmjs.org/dotenv/-/dotenv-16.0.1.tgz"
    "version" "16.0.1"
  
  "ee-first@1.1.1":
    "integrity" "sha512-WMwm9LhRUo+WUaRN+vRuETqG89IgZphVSNkdFgeb6sS/E4OrDIN7t48CAewSHXc6C8lefD8KKfr5vY61brQlow=="
    "resolved" "https://registry.npmjs.org/ee-first/-/ee-first-1.1.1.tgz"
    "version" "1.1.1"
  
  "encodeurl@~1.0.2":
    "integrity" "sha512-TPJXq8JqFaVYm2CWmPvnP2Iyo4ZSM7/QKcSmuMLDObfpH5fi7RUGmd/rTDf+rut/saiDiQEeVTNgAmJEdAOx0w=="
    "resolved" "https://registry.npmjs.org/encodeurl/-/encodeurl-1.0.2.tgz"
    "version" "1.0.2"
  
  "escape-html@~1.0.3":
    "integrity" "sha512-NiSupZ4OeuGwr68lGIeym/ksIZMJodUGOSCZ/FSnTxcrekbvqrgdUxlJOMpijaKZVjAJrWrGs/6Jy8OMuyj9ow=="
    "resolved" "https://registry.npmjs.org/escape-html/-/escape-html-1.0.3.tgz"
    "version" "1.0.3"
  
  "escape-string-regexp@^1.0.5":
    "integrity" "sha512-vbRorB5FUQWvla16U8R/qgaFIya2qGzwDrNmCZuYKrbdSUMG6I1ZCGQRefkRVhuOkIGVne7BQ35DSfo1qvJqFg=="
    "resolved" "https://registry.npmjs.org/escape-string-regexp/-/escape-string-regexp-1.0.5.tgz"
    "version" "1.0.5"
  
  "etag@~1.8.1":
    "integrity" "sha512-aIL5Fx7mawVa300al2BnEE4iNvo1qETxLrPI/o05L7z6go7fCw1J6EQmbK4FmJ2AS7kgVF/KEZWufBfdClMcPg=="
    "resolved" "https://registry.npmjs.org/etag/-/etag-1.8.1.tgz"
    "version" "1.8.1"
  
  "express@^4.18.1":
    "integrity" "sha512-zZBcOX9TfehHQhtupq57OF8lFZ3UZi08Y97dwFCkD8p9d/d2Y3M+ykKcwaMDEL+4qyUolgBDX6AblpR3fL212Q=="
    "resolved" "https://registry.npmjs.org/express/-/express-4.18.1.tgz"
    "version" "4.18.1"
    dependencies:
      "accepts" "~1.3.8"
      "array-flatten" "1.1.1"
      "body-parser" "1.20.0"
      "content-disposition" "0.5.4"
      "content-type" "~1.0.4"
      "cookie" "0.5.0"
      "cookie-signature" "1.0.6"
      "debug" "2.6.9"
      "depd" "2.0.0"
      "encodeurl" "~1.0.2"
      "escape-html" "~1.0.3"
      "etag" "~1.8.1"
      "finalhandler" "1.2.0"
      "fresh" "0.5.2"
      "http-errors" "2.0.0"
      "merge-descriptors" "1.0.1"
      "methods" "~1.1.2"
      "on-finished" "2.4.1"
      "parseurl" "~1.3.3"
      "path-to-regexp" "0.1.7"
      "proxy-addr" "~2.0.7"
      "qs" "6.10.3"
      "range-parser" "~1.2.1"
      "safe-buffer" "5.2.1"
      "send" "0.18.0"
      "serve-static" "1.15.0"
      "setprototypeof" "1.2.0"
      "statuses" "2.0.1"
      "type-is" "~1.6.18"
      "utils-merge" "1.0.1"
      "vary" "~1.1.2"
  
  "fill-range@^7.0.1":
    "integrity" "sha512-qOo9F+dMUmC2Lcb4BbVvnKJxTPjCm+RRpe4gDuGrzkL7mEVl/djYSu2OdQ2Pa302N4oqkSg9ir6jaLWJ2USVpQ=="
    "resolved" "https://registry.npmjs.org/fill-range/-/fill-range-7.0.1.tgz"
    "version" "7.0.1"
    dependencies:
      "to-regex-range" "^5.0.1"
  
  "finalhandler@1.2.0":
    "integrity" "sha512-5uXcUVftlQMFnWC9qu/svkWv3GTd2PfUhK/3PLkYNAe7FbqJMt3515HaxE6eRL74GdsriiwujiawdaB1BpEISg=="
    "resolved" "https://registry.npmjs.org/finalhandler/-/finalhandler-1.2.0.tgz"
    "version" "1.2.0"
    dependencies:
      "debug" "2.6.9"
      "encodeurl" "~1.0.2"
      "escape-html" "~1.0.3"
      "on-finished" "2.4.1"
      "parseurl" "~1.3.3"
      "statuses" "2.0.1"
      "unpipe" "~1.0.0"
  
  "forwarded@0.2.0":
    "integrity" "sha512-buRG0fpBtRHSTCOASe6hD258tEubFoRLb4ZNA6NxMVHNw2gOcwHo9wyablzMzOA5z9xA9L1KNjk/Nt6MT9aYow=="
    "resolved" "https://registry.npmjs.org/forwarded/-/forwarded-0.2.0.tgz"
    "version" "0.2.0"
  
  "fresh@0.5.2":
    "integrity" "sha512-zJ2mQYM18rEFOudeV4GShTGIQ7RbzA7ozbU9I/XBpm7kqgMywgmylMwXHxZJmkVoYkna9d2pVXVXPdYTP9ej8Q=="
    "resolved" "https://registry.npmjs.org/fresh/-/fresh-0.5.2.tgz"
    "version" "0.5.2"
  
  "fs-minipass@^2.0.0":
    "integrity" "sha512-V/JgOLFCS+R6Vcq0slCuaeWEdNC3ouDlJMNIsacH2VtALiu9mV4LPrHc5cDl8k5aw6J8jwgWWpiTo5RYhmIzvg=="
    "resolved" "https://registry.npmjs.org/fs-minipass/-/fs-minipass-2.1.0.tgz"
    "version" "2.1.0"
    dependencies:
      "minipass" "^3.0.0"
  
  "fs.realpath@^1.0.0":
    "integrity" "sha1-FQStJSMVjKpA20onh8sBQRmU6k8= sha512-OO0pH2lK6a0hZnAdau5ItzHPI6pUlvI7jMVnxUQRtw4owF2wk8lOSabtGDCTP4Ggrg2MbGnWO9X8K1t4+fGMDw=="
    "resolved" "https://registry.npmjs.org/fs.realpath/-/fs.realpath-1.0.0.tgz"
    "version" "1.0.0"
  
  "function-bind@^1.1.1":
    "integrity" "sha512-yIovAzMX49sF8Yl58fSCWJ5svSLuaibPxXQJFLmBObTuCr0Mf1KiPopGM9NiFjiYBCbfaa2Fh6breQ6ANVTI0A=="
    "resolved" "https://registry.npmjs.org/function-bind/-/function-bind-1.1.1.tgz"
    "version" "1.1.1"
  
  "gauge@~2.7.3":
    "integrity" "sha1-LANAXHU4w51+s3sxcCLjJfsBi/c= sha512-14x4kjc6lkD3ltw589k0NrPD6cCNTD6CWoVUNpB85+DrtONoZn+Rug6xZU5RvSC4+TZPxA5AnBibQYAvZn41Hg=="
    "resolved" "https://registry.npmjs.org/gauge/-/gauge-2.7.4.tgz"
    "version" "2.7.4"
    dependencies:
      "aproba" "^1.0.3"
      "console-control-strings" "^1.0.0"
      "has-unicode" "^2.0.0"
      "object-assign" "^4.1.0"
      "signal-exit" "^3.0.0"
      "string-width" "^1.0.1"
      "strip-ansi" "^3.0.1"
      "wide-align" "^1.1.0"
  
  "get-intrinsic@^1.0.2":
    "integrity" "sha512-Jfm3OyCxHh9DJyc28qGk+JmfkpO41A4XkneDSujN9MDXrm4oDKdHvndhZ2dN94+ERNfkYJWDclW6k2L/ZGHjXA=="
    "resolved" "https://registry.npmjs.org/get-intrinsic/-/get-intrinsic-1.1.2.tgz"
    "version" "1.1.2"
    dependencies:
      "function-bind" "^1.1.1"
      "has" "^1.0.3"
      "has-symbols" "^1.0.3"
  
  "glob-parent@~5.1.2":
    "integrity" "sha512-AOIgSQCepiJYwP3ARnGx+5VnTu2HBYdzbGP45eLw1vr3zB3vZLeyed1sC9hnbcOc9/SrMyM5RPQrkGz4aS9Zow=="
    "resolved" "https://registry.npmjs.org/glob-parent/-/glob-parent-5.1.2.tgz"
    "version" "5.1.2"
    dependencies:
      "is-glob" "^4.0.1"
  
  "glob@^7.1.3":
    "integrity" "sha512-OvD9ENzPLbegENnYP5UUfJIirTg4+XwMWGaQfQTY0JenxNvvIKP3U3/tAQSPIu/lHxXYSZmpXlUHeqAIdKzBLQ=="
    "resolved" "https://registry.npmjs.org/glob/-/glob-7.1.7.tgz"
    "version" "7.1.7"
    dependencies:
      "fs.realpath" "^1.0.0"
      "inflight" "^1.0.4"
      "inherits" "2"
      "minimatch" "^3.0.4"
      "once" "^1.3.0"
      "path-is-absolute" "^1.0.0"
  
  "has-flag@^3.0.0":
    "integrity" "sha1-tdRU3CGZriJWmfNGfloH87lVuv0= sha512-sKJf1+ceQBr4SMkvQnBDNDtf4TXpVhVGateu0t918bl30FnbE2m4vNLX+VWe/dpjlb+HugGYzW7uQXH98HPEYw=="
    "resolved" "https://registry.npmjs.org/has-flag/-/has-flag-3.0.0.tgz"
    "version" "3.0.0"
  
  "has-symbols@^1.0.3":
    "integrity" "sha512-l3LCuF6MgDNwTDKkdYGEihYjt5pRPbEg46rtlmnSPlUbgmB8LOIrKJbYYFBSbnPaJexMKtiPO8hmeRjRz2Td+A=="
    "resolved" "https://registry.npmjs.org/has-symbols/-/has-symbols-1.0.3.tgz"
    "version" "1.0.3"
  
  "has-unicode@^2.0.0":
    "integrity" "sha1-4Ob+aijPUROIVeCG0Wkedx3iqLk= sha512-8Rf9Y83NBReMnx0gFzA8JImQACstCYWUplepDa9xprwwtmgEZUF0h/i5xSA625zB/I37EtrswSST6OXxwaaIJQ=="
    "resolved" "https://registry.npmjs.org/has-unicode/-/has-unicode-2.0.1.tgz"
    "version" "2.0.1"
  
  "has@^1.0.3":
    "integrity" "sha512-f2dvO0VU6Oej7RkWJGrehjbzMAjFp5/VKPp5tTpWIV4JHHZK1/BxbFRtf/siA2SWTe09caDmVtYYzWEIbBS4zw=="
    "resolved" "https://registry.npmjs.org/has/-/has-1.0.3.tgz"
    "version" "1.0.3"
    dependencies:
      "function-bind" "^1.1.1"
  
  "http-errors@2.0.0":
    "integrity" "sha512-FtwrG/euBzaEjYeRqOgly7G0qviiXoJWnvEH2Z1plBdXgbyjv34pHTSb9zoeHMyDy33+DWy5Wt9Wo+TURtOYSQ=="
    "resolved" "https://registry.npmjs.org/http-errors/-/http-errors-2.0.0.tgz"
    "version" "2.0.0"
    dependencies:
      "depd" "2.0.0"
      "inherits" "2.0.4"
      "setprototypeof" "1.2.0"
      "statuses" "2.0.1"
      "toidentifier" "1.0.1"
  
  "https-proxy-agent@^5.0.0":
    "integrity" "sha512-EkYm5BcKUGiduxzSt3Eppko+PiNWNEpa4ySk9vTC6wDsQJW9rHSa+UhGNJoRYp7bz6Ht1eaRIa6QaJqO5rCFbA=="
    "resolved" "https://registry.npmjs.org/https-proxy-agent/-/https-proxy-agent-5.0.0.tgz"
    "version" "5.0.0"
    dependencies:
      "agent-base" "6"
      "debug" "4"
  
  "iconv-lite@0.4.24":
    "integrity" "sha512-v3MXnZAcvnywkTUEZomIActle7RXXeedOR31wwl7VlyoXO4Qi9arvSenNQWne1TcRwhCL1HwLI21bEqdpj8/rA=="
    "resolved" "https://registry.npmjs.org/iconv-lite/-/iconv-lite-0.4.24.tgz"
    "version" "0.4.24"
    dependencies:
      "safer-buffer" ">= 2.1.2 < 3"
  
  "ieee754@^1.1.13":
    "integrity" "sha512-dcyqhDvX1C46lXZcVqCpK+FtMRQVdIMN6/Df5js2zouUsqG7I6sFxitIC+7KYK29KdXOLHdu9zL4sFnoVQnqaA=="
    "resolved" "https://registry.npmjs.org/ieee754/-/ieee754-1.2.1.tgz"
    "version" "1.2.1"
  
  "ignore-by-default@^1.0.1":
    "integrity" "sha1-SMptcvbGo68Aqa1K5odr44ieKwk= sha512-Ius2VYcGNk7T90CppJqcIkS5ooHUZyIQK+ClZfMfMNFEF9VSE73Fq+906u/CWu92x4gzZMWOwfFYckPObzdEbA=="
    "resolved" "https://registry.npmjs.org/ignore-by-default/-/ignore-by-default-1.0.1.tgz"
    "version" "1.0.1"
  
  "inflight@^1.0.4":
    "integrity" "sha1-Sb1jMdfQLQwJvJEKEHW6gWW1bfk= sha512-k92I/b08q4wvFscXCLvqfsHCrjrF7yiXsQuIVvVE7N82W3+aqpzuUdBbfhWcy/FZR3/4IgflMgKLOsvPDrGCJA=="
    "resolved" "https://registry.npmjs.org/inflight/-/inflight-1.0.6.tgz"
    "version" "1.0.6"
    dependencies:
      "once" "^1.3.0"
      "wrappy" "1"
  
  "inherits@^2.0.3", "inherits@~2.0.3", "inherits@2", "inherits@2.0.3":
    "integrity" "sha1-Yzwsg+PaQqUC9SRmAiSA9CCCYd4= sha512-x00IRNXNy63jwGkJmzPigoySHbaqpNuzKbBOmzK+g2OdZpQ9w+sxCN+VSB3ja7IAge2OP2qpfxTjeNcyjmW1uw=="
    "resolved" "https://registry.npmjs.org/inherits/-/inherits-2.0.3.tgz"
    "version" "2.0.3"
  
  "inherits@2.0.4":
    "integrity" "sha512-k/vGaX4/Yla3WzyMCvTQOXYeIHvqOKtnqBduzTHpzpQZzAskKMhZ2K+EnBiSM9zGSoIFeMpXKxa4dYeZIQqewQ=="
    "resolved" "https://registry.npmjs.org/inherits/-/inherits-2.0.4.tgz"
    "version" "2.0.4"
  
  "ip@^2.0.0":
    "integrity" "sha512-WKa+XuLG1A1R0UWhl2+1XQSi+fZWMsYKffMZTTYsiZaUD8k2yDAj5atimTUD2TZkyCkNEeYE5NhFZmupOGtjYQ=="
    "resolved" "https://registry.npmjs.org/ip/-/ip-2.0.0.tgz"
    "version" "2.0.0"
  
  "ipaddr.js@1.9.1":
    "integrity" "sha512-0KI/607xoxSToH7GjN1FfSbLoU0+btTicjsQSWQlh/hZykN8KpmMf7uYwPW3R+akZ6R/w18ZlXSHBYXiYUPO3g=="
    "resolved" "https://registry.npmjs.org/ipaddr.js/-/ipaddr.js-1.9.1.tgz"
    "version" "1.9.1"
  
  "is-binary-path@~2.1.0":
    "integrity" "sha512-ZMERYes6pDydyuGidse7OsHxtbI7WVeUEozgR/g7rd0xUimYNlvZRE/K2MgZTjWy725IfelLeVcEM97mmtRGXw=="
    "resolved" "https://registry.npmjs.org/is-binary-path/-/is-binary-path-2.1.0.tgz"
    "version" "2.1.0"
    dependencies:
      "binary-extensions" "^2.0.0"
  
  "is-extglob@^2.1.1":
    "integrity" "sha512-SbKbANkN603Vi4jEZv49LeVJMn4yGwsbzZworEoyEiutsN3nJYdbO36zfhGJ6QEDpOZIFkDtnq5JRxmvl3jsoQ=="
    "resolved" "https://registry.npmjs.org/is-extglob/-/is-extglob-2.1.1.tgz"
    "version" "2.1.1"
  
  "is-fullwidth-code-point@^1.0.0":
    "integrity" "sha1-754xOG8DGn8NZDr4L95QxFfvAMs= sha512-1pqUqRjkhPJ9miNq9SwMfdvi6lBJcd6eFxvfaivQhaH3SgisfiuudvFntdKOmxuee/77l+FPjKrQjWvmPjWrRw=="
    "resolved" "https://registry.npmjs.org/is-fullwidth-code-point/-/is-fullwidth-code-point-1.0.0.tgz"
    "version" "1.0.0"
    dependencies:
      "number-is-nan" "^1.0.0"
  
  "is-glob@^4.0.1", "is-glob@~4.0.1":
    "integrity" "sha512-xelSayHH36ZgE7ZWhli7pW34hNbNl8Ojv5KVmkJD4hBdD3th8Tfk9vYasLM+mXWOZhFkgZfxhLSnrwRr4elSSg=="
    "resolved" "https://registry.npmjs.org/is-glob/-/is-glob-4.0.3.tgz"
    "version" "4.0.3"
    dependencies:
      "is-extglob" "^2.1.1"
  
  "is-number@^7.0.0":
    "integrity" "sha512-41Cifkg6e8TylSpdtTpeLVMqvSBEVzTttHvERD741+pnZ8ANv0004MRL43QKPDlK9cGvNp6NZWZUBlbGXYxxng=="
    "resolved" "https://registry.npmjs.org/is-number/-/is-number-7.0.0.tgz"
    "version" "7.0.0"
  
  "isarray@~1.0.0":
    "integrity" "sha1-u5NdSFgsuhaMBoNJV6VKPgcSTxE= sha512-VLghIWNM6ELQzo7zwmcg0NmTVyWKYjvIeM83yjp0wRDTmUnrM678fQbcKBo6n2CJEF0szoG//ytg+TKla89ALQ=="
    "resolved" "https://registry.npmjs.org/isarray/-/isarray-1.0.0.tgz"
    "version" "1.0.0"
  
  "kareem@2.4.1":
    "integrity" "sha512-aJ9opVoXroQUPfovYP5kaj2lM7Jn02Gw13bL0lg9v0V7SaUc0qavPs0Eue7d2DcC3NjqI6QAUElXNsuZSeM+EA=="
    "resolved" "https://registry.npmjs.org/kareem/-/kareem-2.4.1.tgz"
    "version" "2.4.1"
  
  "leven@2.1.0":
    "integrity" "sha512-nvVPLpIHUxCUoRLrFqTgSxXJ614d8AgQoWl7zPe/2VadE8+1dpU3LBhowRuBAcuwruWtOdD8oYC9jDNJjXDPyA=="
    "resolved" "https://registry.npmjs.org/leven/-/leven-2.1.0.tgz"
    "version" "2.1.0"
  
  "lru-cache@^6.0.0":
    "integrity" "sha512-Jo6dJ04CmSjuznwJSS3pUeWmd/H0ffTlkXXgwZi+eq1UCmqQwCh+eLsYOYCwY991i2Fah4h1BEMCx4qThGbsiA=="
    "resolved" "https://registry.npmjs.org/lru-cache/-/lru-cache-6.0.0.tgz"
    "version" "6.0.0"
    dependencies:
      "yallist" "^4.0.0"
  
  "make-dir@^3.1.0":
    "integrity" "sha512-g3FeP20LNwhALb/6Cz6Dd4F2ngze0jz7tbzrD2wAV+o9FeNHe4rL+yK2md0J/fiSf1sa1ADhXqi5+oVwOM/eGw=="
    "resolved" "https://registry.npmjs.org/make-dir/-/make-dir-3.1.0.tgz"
    "version" "3.1.0"
    dependencies:
      "semver" "^6.0.0"
  
  "media-typer@0.3.0":
    "integrity" "sha1-hxDXrwqmJvj/+hzgAWhUUmMlV0g= sha512-dq+qelQ9akHpcOl/gUVRTxVIOkAJ1wR3QAvb4RsVjS8oVoFjDGTc679wJYmUmknUF5HwMLOgb5O+a3KxfWapPQ=="
    "resolved" "https://registry.npmjs.org/media-typer/-/media-typer-0.3.0.tgz"
    "version" "0.3.0"
  
  "memory-pager@^1.0.2":
    "integrity" "sha512-ZS4Bp4r/Zoeq6+NLJpP+0Zzm0pR8whtGPf1XExKLJBAczGMnSi3It14OiNCStjQjM6NU1okjQGSxgEZN8eBYKg=="
    "resolved" "https://registry.npmjs.org/memory-pager/-/memory-pager-1.5.0.tgz"
    "version" "1.5.0"
  
  "merge-descriptors@1.0.1":
    "integrity" "sha1-sAqqVW3YtEVoFQ7J0blT8/kMu2E= sha512-cCi6g3/Zr1iqQi6ySbseM1Xvooa98N0w31jzUYrXPX2xqObmFGHJ0tQ5u74H3mVh7wLouTseZyYIq39g8cNp1w=="
    "resolved" "https://registry.npmjs.org/merge-descriptors/-/merge-descriptors-1.0.1.tgz"
    "version" "1.0.1"
  
  "methods@~1.1.2":
    "integrity" "sha1-VSmk1nZUE07cxSZmVoNbD4Ua/O4= sha512-iclAHeNqNm68zFtnZ0e+1L2yUIdvzNoauKU4WBA3VvH/vPFieF7qfRlwUZU+DA9P9bPXIS90ulxoUoCH23sV2w=="
    "resolved" "https://registry.npmjs.org/methods/-/methods-1.1.2.tgz"
    "version" "1.1.2"
  
  "mime-db@1.52.0":
    "integrity" "sha512-sPU4uV7dYlvtWJxwwxHD0PuihVNiE7TyAbQ5SWxDCB9mUYvOgroQOwYQQOKPJ8CIbE+1ETVlOoK1UC2nU3gYvg=="
    "resolved" "https://registry.npmjs.org/mime-db/-/mime-db-1.52.0.tgz"
    "version" "1.52.0"
  
  "mime-types@~2.1.24", "mime-types@~2.1.34":
    "integrity" "sha512-ZDY+bPm5zTTF+YpCrAU9nK0UgICYPT0QtT1NZWFv4s++TNkcgVaT0g6+4R2uI4MjQjzysHB1zxuWL50hzaeXiw=="
    "resolved" "https://registry.npmjs.org/mime-types/-/mime-types-2.1.35.tgz"
    "version" "2.1.35"
    dependencies:
      "mime-db" "1.52.0"
  
  "mime@1.6.0":
    "integrity" "sha512-x0Vn8spI+wuJ1O6S7gnbaQg8Pxh4NNHb7KSINmEWKiPE4RKOplvijn+NkmYmmRgP68mc70j2EbeTFRsrswaQeg=="
    "resolved" "https://registry.npmjs.org/mime/-/mime-1.6.0.tgz"
    "version" "1.6.0"
  
  "minimatch@^3.0.4":
    "integrity" "sha512-yJHVQEhyqPLUTgt9B83PXu6W3rx4MvvHvSUvToogpwoGDOUQ+yDrR0HRot+yOCdCO7u4hX3pWft6kWBBcqh0UA=="
    "resolved" "https://registry.npmjs.org/minimatch/-/minimatch-3.0.4.tgz"
    "version" "3.0.4"
    dependencies:
      "brace-expansion" "^1.1.7"
  
  "minimist@^1.2.5":
    "integrity" "sha512-FM9nNUYrRBAELZQT3xeZQ7fmMOBg6nWNmJKTcgsJeaLstP/UODVpGsr5OhXhhXg6f+qtJ8uiZ+PUxkDWcgIXLw=="
    "resolved" "https://registry.npmjs.org/minimist/-/minimist-1.2.5.tgz"
    "version" "1.2.5"
  
  "minipass@^3.0.0":
    "integrity" "sha512-Mgd2GdMVzY+x3IJ+oHnVM+KG3lA5c8tnabyJKmHSaG2kAGpudxuOf8ToDkhumF7UzME7DecbQE9uOZhNm7PuJg=="
    "resolved" "https://registry.npmjs.org/minipass/-/minipass-3.1.3.tgz"
    "version" "3.1.3"
    dependencies:
      "yallist" "^4.0.0"
  
  "minizlib@^2.1.1":
    "integrity" "sha512-bAxsR8BVfj60DWXHE3u30oHzfl4G7khkSuPW+qvpd7jFRHm7dLxOjUk1EHACJ/hxLY8phGJ0YhYHZo7jil7Qdg=="
    "resolved" "https://registry.npmjs.org/minizlib/-/minizlib-2.1.2.tgz"
    "version" "2.1.2"
    dependencies:
      "minipass" "^3.0.0"
      "yallist" "^4.0.0"
  
  "mkdirp@^0.5.4":
    "integrity" "sha512-NKmAlESf6jMGym1++R0Ra7wvhV+wFW63FaSOFPwRahvea0gMUcGUhVeAg/0BC0wiv9ih5NYPB1Wn1UEI1/L+xQ=="
    "resolved" "https://registry.npmjs.org/mkdirp/-/mkdirp-0.5.5.tgz"
    "version" "0.5.5"
    dependencies:
      "minimist" "^1.2.5"
  
  "mkdirp@^1.0.3":
    "integrity" "sha512-vVqVZQyf3WLx2Shd0qJ9xuvqgAyKPLAiqITEtqW0oIUjzo3PePDd6fW9iFz30ef7Ysp/oiWqbhszeGWW2T6Gzw=="
    "resolved" "https://registry.npmjs.org/mkdirp/-/mkdirp-1.0.4.tgz"
    "version" "1.0.4"
  
  "mongodb-connection-string-url@^2.5.2":
    "integrity" "sha512-f+/WsED+xF4B74l3k9V/XkTVj5/fxFH2o5ToKXd8Iyi5UhM+sO9u0Ape17Mvl/GkZaFtM0HQnzAG5OTmhKw+tQ=="
    "resolved" "https://registry.npmjs.org/mongodb-connection-string-url/-/mongodb-connection-string-url-2.5.3.tgz"
    "version" "2.5.3"
    dependencies:
      "@types/whatwg-url" "^8.2.1"
      "whatwg-url" "^11.0.0"
  
  "mongodb@4.8.1":
    "integrity" "sha512-/NyiM3Ox9AwP5zrfT9TXjRKDJbXlLaUDQ9Rg//2lbg8D2A8GXV0VidYYnA/gfdK6uwbnL4FnAflH7FbGw3TS7w=="
    "resolved" "https://registry.npmjs.org/mongodb/-/mongodb-4.8.1.tgz"
    "version" "4.8.1"
    dependencies:
      "bson" "^4.6.5"
      "denque" "^2.0.1"
      "mongodb-connection-string-url" "^2.5.2"
      "socks" "^2.6.2"
    optionalDependencies:
      "saslprep" "^1.0.3"
  
  "mongoose@^6.5.3":
    "integrity" "sha512-0L2ZOPzNQ7kcIgpdfpmVXc+/SypdhzcTlaHXYa983u1lrVp7/i3ekwHpPiTXxYBvV6FwBAsFoHI7+Ovf8tp3Mg=="
    "resolved" "https://registry.npmjs.org/mongoose/-/mongoose-6.5.3.tgz"
    "version" "6.5.3"
    dependencies:
      "bson" "^4.6.5"
      "kareem" "2.4.1"
      "mongodb" "4.8.1"
      "mpath" "0.9.0"
      "mquery" "4.0.3"
      "ms" "2.1.3"
      "sift" "16.0.0"
  
  "mpath@0.9.0":
    "integrity" "sha512-ikJRQTk8hw5DEoFVxHG1Gn9T/xcjtdnOKIU1JTmGjZZlg9LST2mBLmcX3/ICIbgJydT2GOc15RnNy5mHmzfSew=="
    "resolved" "https://registry.npmjs.org/mpath/-/mpath-0.9.0.tgz"
    "version" "0.9.0"
  
  "mquery@4.0.3":
    "integrity" "sha512-J5heI+P08I6VJ2Ky3+33IpCdAvlYGTSUjwTPxkAr8i8EoduPMBX2OY/wa3IKZIQl7MU4SbFk8ndgSKyB/cl1zA=="
    "resolved" "https://registry.npmjs.org/mquery/-/mquery-4.0.3.tgz"
    "version" "4.0.3"
    dependencies:
      "debug" "4.x"
  
  "mri@1.1.4":
    "integrity" "sha512-6y7IjGPm8AzlvoUrwAaw1tLnUBudaS3752vcd8JtrpGGQn+rXIe63LFVHm/YMwtqAuh+LJPCFdlLYPWM1nYn6w=="
    "resolved" "https://registry.npmjs.org/mri/-/mri-1.1.4.tgz"
    "version" "1.1.4"
  
  "ms@^2.1.1":
    "integrity" "sha512-6FlzubTLZG3J2a/NVCAleEhjzq5oxgHyaCU9yYXvcLsvoVaHJq/s5xXI6/XXP6tz7R9xAOtHnSO/tXtF3WRTlA=="
    "resolved" "https://registry.npmjs.org/ms/-/ms-2.1.3.tgz"
    "version" "2.1.3"
  
  "ms@2.0.0":
    "integrity" "sha512-Tpp60P6IUJDTuOq/5Z8cdskzJujfwqfOTkrwIwj7IRISpnkJnT6SyJ4PCPnGMoFjC9ddhal5KVIYtAt97ix05A=="
    "resolved" "https://registry.npmjs.org/ms/-/ms-2.0.0.tgz"
    "version" "2.0.0"
  
  "ms@2.1.2":
    "integrity" "sha512-sGkPx+VjMtmA6MX27oA4FBFELFCZZ4S4XqeGOXCv68tT+jb3vk/RyaKWP0PTKyWtmLSM0b+adUTEvbs1PEaH2w=="
    "resolved" "https://registry.npmjs.org/ms/-/ms-2.1.2.tgz"
    "version" "2.1.2"
  
  "ms@2.1.3":
    "integrity" "sha512-6FlzubTLZG3J2a/NVCAleEhjzq5oxgHyaCU9yYXvcLsvoVaHJq/s5xXI6/XXP6tz7R9xAOtHnSO/tXtF3WRTlA=="
    "resolved" "https://registry.npmjs.org/ms/-/ms-2.1.3.tgz"
    "version" "2.1.3"
  
  "multer@^1.4.5-lts.1":
    "integrity" "sha512-ywPWvcDMeH+z9gQq5qYHCCy+ethsk4goepZ45GLD63fOu0YcNecQxi64nDs3qluZB+murG3/D4dJ7+dGctcCQQ=="
    "resolved" "https://registry.npmjs.org/multer/-/multer-1.4.5-lts.1.tgz"
    "version" "1.4.5-lts.1"
    dependencies:
      "append-field" "^1.0.0"
      "busboy" "^1.0.0"
      "concat-stream" "^1.5.2"
      "mkdirp" "^0.5.4"
      "object-assign" "^4.1.1"
      "type-is" "^1.6.4"
      "xtend" "^4.0.0"
  
  "negotiator@0.6.3":
    "integrity" "sha512-+EUsqGPLsM+j/zdChZjsnX51g4XrHFOIXwfnCVPGlQk/k5giakcKsuxCObBRu6DSm9opw/O6slWbJdghQM4bBg=="
    "resolved" "https://registry.npmjs.org/negotiator/-/negotiator-0.6.3.tgz"
    "version" "0.6.3"
  
  "node-addon-api@^3.1.0":
    "integrity" "sha512-flmrDNB06LIl5lywUz7YlNGZH/5p0M7W28k8hzd9Lshtdh1wshD2Y+U4h9LD6KObOy1f+fEVdgprPrEymjM5uw=="
    "resolved" "https://registry.npmjs.org/node-addon-api/-/node-addon-api-3.1.0.tgz"
    "version" "3.1.0"
  
  "node-fetch@^2.6.1":
    "integrity" "sha512-V4aYg89jEoVRxRb2fJdAg8FHvI7cEyYdVAh94HH0UIK8oJxUfkjlDQN9RbMx+bEjP7+ggMiFRprSti032Oipxw=="
    "resolved" "https://registry.npmjs.org/node-fetch/-/node-fetch-2.6.1.tgz"
    "version" "2.6.1"
  
  "nodemon@^2.0.19":
    "integrity" "sha512-4pv1f2bMDj0Eeg/MhGqxrtveeQ5/G/UVe9iO6uTZzjnRluSA4PVWf8CW99LUPwGB3eNIA7zUFoP77YuI7hOc0A=="
    "resolved" "https://registry.npmjs.org/nodemon/-/nodemon-2.0.19.tgz"
    "version" "2.0.19"
    dependencies:
      "chokidar" "^3.5.2"
      "debug" "^3.2.7"
      "ignore-by-default" "^1.0.1"
      "minimatch" "^3.0.4"
      "pstree.remy" "^1.1.8"
      "semver" "^5.7.1"
      "simple-update-notifier" "^1.0.7"
      "supports-color" "^5.5.0"
      "touch" "^3.1.0"
      "undefsafe" "^2.0.5"
  
  "nopt@^5.0.0":
    "integrity" "sha512-Tbj67rffqceeLpcRXrT7vKAN8CwfPeIBgM7E6iBkmKLV7bEMwpGgYLGv0jACUsECaa/vuxP0IjEont6umdMgtQ=="
    "resolved" "https://registry.npmjs.org/nopt/-/nopt-5.0.0.tgz"
    "version" "5.0.0"
    dependencies:
      "abbrev" "1"
  
  "nopt@~1.0.10":
    "integrity" "sha1-bd0hvSoxQXuScn3Vhfim83YI6+4= sha512-NWmpvLSqUrgrAC9HCuxEvb+PSloHpqVu+FqcO4eeF2h5qYRhA7ev6KvelyQAKtegUbC6RypJnlEOhd8vloNKYg=="
    "resolved" "https://registry.npmjs.org/nopt/-/nopt-1.0.10.tgz"
    "version" "1.0.10"
    dependencies:
      "abbrev" "1"
  
  "normalize-path@^3.0.0", "normalize-path@~3.0.0":
    "integrity" "sha512-6eZs5Ls3WtCisHWp9S2GUy8dqkpGi4BVSz3GaqiE6ezub0512ESztXUwUB6C6IKbQkY2Pnb/mD4WYojCRwcwLA=="
    "resolved" "https://registry.npmjs.org/normalize-path/-/normalize-path-3.0.0.tgz"
    "version" "3.0.0"
  
  "npmlog@^4.1.2":
    "integrity" "sha512-2uUqazuKlTaSI/dC8AzicUck7+IrEaOnN/e0jd3Xtt1KcGpwx30v50mL7oPyr/h9bL3E4aZccVwpwP+5W9Vjkg=="
    "resolved" "https://registry.npmjs.org/npmlog/-/npmlog-4.1.2.tgz"
    "version" "4.1.2"
    dependencies:
      "are-we-there-yet" "~1.1.2"
      "console-control-strings" "~1.1.0"
      "gauge" "~2.7.3"
      "set-blocking" "~2.0.0"
  
  "number-is-nan@^1.0.0":
    "integrity" "sha1-CXtgK1NCKlIsGvuHkDGDNpQaAR0= sha512-4jbtZXNAsfZbAHiiqjLPBiCl16dES1zI4Hpzzxw61Tk+loF+sBDBKx1ICKKKwIqQ7M0mFn1TmkN7euSncWgHiQ=="
    "resolved" "https://registry.npmjs.org/number-is-nan/-/number-is-nan-1.0.1.tgz"
    "version" "1.0.1"
  
  "object-assign@^4.1.0", "object-assign@^4.1.1":
    "integrity" "sha1-IQmtx5ZYh8/AXLvUQsrIv7s2CGM= sha512-rJgTQnkUnH1sFw8yT6VSU3zD3sWmu6sZhIseY8VX+GRu3P6F7Fu+JNDoXfklElbLJSnc3FUQHVe4cU5hj+BcUg=="
    "resolved" "https://registry.npmjs.org/object-assign/-/object-assign-4.1.1.tgz"
    "version" "4.1.1"
  
  "object-inspect@^1.9.0":
    "integrity" "sha512-z+cPxW0QGUp0mcqcsgQyLVRDoXFQbXOwBaqyF7VIgI4TWNQsDHrBpUQslRmIfAoYWdYzs6UlKJtB2XJpTaNSpQ=="
    "resolved" "https://registry.npmjs.org/object-inspect/-/object-inspect-1.12.2.tgz"
    "version" "1.12.2"
  
  "on-finished@2.4.1":
    "integrity" "sha512-oVlzkg3ENAhCk2zdv7IJwd/QUD4z2RxRwpkcGY8psCVcCYZNq4wYnVWALHM+brtuJjePWiYF/ClmuDr8Ch5+kg=="
    "resolved" "https://registry.npmjs.org/on-finished/-/on-finished-2.4.1.tgz"
    "version" "2.4.1"
    dependencies:
      "ee-first" "1.1.1"
  
  "once@^1.3.0":
    "integrity" "sha1-WDsap3WWHUsROsF9nFC6753Xa9E= sha512-lNaJgI+2Q5URQBkccEKHTQOPaXdUxnZZElQTZY0MFUAuaEqe1E+Nyvgdz/aIyNi6Z9MzO5dv1H8n58/GELp3+w=="
    "resolved" "https://registry.npmjs.org/once/-/once-1.4.0.tgz"
    "version" "1.4.0"
    dependencies:
      "wrappy" "1"
  
  "parseurl@~1.3.3":
    "integrity" "sha512-CiyeOxFT/JZyN5m0z9PfXw4SCBJ6Sygz1Dpl0wqjlhDEGGBP1GnsUVEL0p63hoG1fcj3fHynXi9NYO4nWOL+qQ=="
    "resolved" "https://registry.npmjs.org/parseurl/-/parseurl-1.3.3.tgz"
    "version" "1.3.3"
  
  "path-is-absolute@^1.0.0":
    "integrity" "sha1-F0uSaHNVNP+8es5r9TpanhtcX18= sha512-AVbw3UJ2e9bq64vSaS9Am0fje1Pa8pbGqTTsmXfaIiMpnr5DlDhfJOuLj9Sf95ZPVDAUerDfEk88MPmPe7UCQg=="
    "resolved" "https://registry.npmjs.org/path-is-absolute/-/path-is-absolute-1.0.1.tgz"
    "version" "1.0.1"
  
  "path-to-regexp@0.1.7":
    "integrity" "sha1-32BBeABfUi8V60SQ5yR6G/qmf4w= sha512-5DFkuoqlv1uYQKxy8omFBeJPQcdoE07Kv2sferDCrAq1ohOU+MSDswDIbnx3YAM60qIOnYa53wBhXW0EbMonrQ=="
    "resolved" "https://registry.npmjs.org/path-to-regexp/-/path-to-regexp-0.1.7.tgz"
    "version" "0.1.7"
  
  "path@^0.12.7":
    "integrity" "sha1-1NwqUGxM4hl+tIHr/NWzbAFAsQ8= sha512-aXXC6s+1w7otVF9UletFkFcDsJeO7lSZBPUQhtb5O0xJe8LtYhj/GxldoL09bBj9+ZmE2hNoHqQSFMN5fikh4Q=="
    "resolved" "https://registry.npmjs.org/path/-/path-0.12.7.tgz"
    "version" "0.12.7"
    dependencies:
      "process" "^0.11.1"
      "util" "^0.10.3"
  
  "picomatch@^2.0.4", "picomatch@^2.2.1":
    "integrity" "sha512-JU3teHTNjmE2VCGFzuY8EXzCDVwEqB2a8fsIvwaStHhAWJEeVd1o1QD80CU6+ZdEXXSLbSsuLwJjkCBWqRQUVA=="
    "resolved" "https://registry.npmjs.org/picomatch/-/picomatch-2.3.1.tgz"
    "version" "2.3.1"
  
  "process-nextick-args@~2.0.0":
    "integrity" "sha512-3ouUOpQhtgrbOa17J7+uxOTpITYWaGP7/AhoR3+A+/1e9skrzelGi/dXzEYyvbxubEF6Wn2ypscTKiKJFFn1ag=="
    "resolved" "https://registry.npmjs.org/process-nextick-args/-/process-nextick-args-2.0.1.tgz"
    "version" "2.0.1"
  
  "process@^0.11.1":
    "integrity" "sha1-czIwDoQBYb2j5podHZGn1LwW8YI= sha512-cdGef/drWFoydD1JsMzuFf8100nZl+GT+yacc2bEced5f9Rjk4z+WtFUTBu9PhOi9j/jfmBPu0mMEY4wIdAF8A=="
    "resolved" "https://registry.npmjs.org/process/-/process-0.11.10.tgz"
    "version" "0.11.10"
  
  "proxy-addr@~2.0.7":
    "integrity" "sha512-llQsMLSUDUPT44jdrU/O37qlnifitDP+ZwrmmZcoSKyLKvtZxpyV0n2/bD/N4tBAAZ/gJEdZU7KMraoK1+XYAg=="
    "resolved" "https://registry.npmjs.org/proxy-addr/-/proxy-addr-2.0.7.tgz"
    "version" "2.0.7"
    dependencies:
      "forwarded" "0.2.0"
      "ipaddr.js" "1.9.1"
  
  "proxy@^1.0.2":
    "integrity" "sha512-KNac2ueWRpjbUh77OAFPZuNdfEqNynm9DD4xHT14CccGpW8wKZwEkN0yjlb7X9G9Z9F55N0Q+1z+WfgAhwYdzQ=="
    "resolved" "https://registry.npmjs.org/proxy/-/proxy-1.0.2.tgz"
    "version" "1.0.2"
    dependencies:
      "args" "5.0.1"
      "basic-auth-parser" "0.0.2"
      "debug" "^4.1.1"
  
  "pstree.remy@^1.1.8":
    "integrity" "sha512-77DZwxQmxKnu3aR542U+X8FypNzbfJ+C5XQDk3uWjWxn6151aIMGthWYRXTqT1E5oJvg+ljaa2OJi+VfvCOQ8w=="
    "resolved" "https://registry.npmjs.org/pstree.remy/-/pstree.remy-1.1.8.tgz"
    "version" "1.1.8"
  
  "punycode@^2.1.1":
    "integrity" "sha512-XRsRjdf+j5ml+y/6GKHPZbrF/8p2Yga0JPtdqTIY2Xe5ohJPD9saDJJLPvp9+NSBprVvevdXZybnj2cv8OEd0A=="
    "resolved" "https://registry.npmjs.org/punycode/-/punycode-2.1.1.tgz"
    "version" "2.1.1"
  
  "qs@6.10.3":
    "integrity" "sha512-wr7M2E0OFRfIfJZjKGieI8lBKb7fRCH4Fv5KNPEs7gJ8jadvotdsS08PzOKR7opXhZ/Xkjtt3WF9g38drmyRqQ=="
    "resolved" "https://registry.npmjs.org/qs/-/qs-6.10.3.tgz"
    "version" "6.10.3"
    dependencies:
      "side-channel" "^1.0.4"
  
  "range-parser@~1.2.1":
    "integrity" "sha512-Hrgsx+orqoygnmhFbKaHE6c296J+HTAQXoxEF6gNupROmmGJRoyzfG3ccAveqCBrwr/2yxQ5BVd/GTl5agOwSg=="
    "resolved" "https://registry.npmjs.org/range-parser/-/range-parser-1.2.1.tgz"
    "version" "1.2.1"
  
  "raw-body@2.5.1":
    "integrity" "sha512-qqJBtEyVgS0ZmPGdCFPWJ3FreoqvG4MVQln/kCgF7Olq95IbOp0/BWyMwbdtn4VTvkM8Y7khCQ2Xgk/tcrCXig=="
    "resolved" "https://registry.npmjs.org/raw-body/-/raw-body-2.5.1.tgz"
    "version" "2.5.1"
    dependencies:
      "bytes" "3.1.2"
      "http-errors" "2.0.0"
      "iconv-lite" "0.4.24"
      "unpipe" "1.0.0"
  
  "readable-stream@^2.0.6", "readable-stream@^2.2.2":
    "integrity" "sha512-Ebho8K4jIbHAxnuxi7o42OrZgF/ZTNcsZj6nRKyUmkhLFq8CHItp/fy6hQZuZmP/n3yZ9VBUbp4zz/mX8hmYPw=="
    "resolved" "https://registry.npmjs.org/readable-stream/-/readable-stream-2.3.7.tgz"
    "version" "2.3.7"
    dependencies:
      "core-util-is" "~1.0.0"
      "inherits" "~2.0.3"
      "isarray" "~1.0.0"
      "process-nextick-args" "~2.0.0"
      "safe-buffer" "~5.1.1"
      "string_decoder" "~1.1.1"
      "util-deprecate" "~1.0.1"
  
  "readdirp@~3.6.0":
    "integrity" "sha512-hOS089on8RduqdbhvQ5Z37A0ESjsqz6qnRcffsMU3495FuTdqSm+7bhJ29JvIOsBDEEnan5DPu9t3To9VRlMzA=="
    "resolved" "https://registry.npmjs.org/readdirp/-/readdirp-3.6.0.tgz"
    "version" "3.6.0"
    dependencies:
      "picomatch" "^2.2.1"
  
  "rimraf@^3.0.2":
    "integrity" "sha512-JZkJMZkAGFFPP2YqXZXPbMlMBgsxzE8ILs4lMIX/2o0L9UBw9O/Y3o6wFw/i9YLapcUJWwqbi3kdxIPdC62TIA=="
    "resolved" "https://registry.npmjs.org/rimraf/-/rimraf-3.0.2.tgz"
    "version" "3.0.2"
    dependencies:
      "glob" "^7.1.3"
  
  "safe-buffer@~5.1.0", "safe-buffer@~5.1.1":
    "integrity" "sha512-Gd2UZBJDkXlY7GbJxfsE8/nvKkUEU1G38c1siN6QP6a9PT9MmHB8GnpscSmMJSoF8LOIrt8ud/wPtojys4G6+g=="
    "resolved" "https://registry.npmjs.org/safe-buffer/-/safe-buffer-5.1.2.tgz"
    "version" "5.1.2"
  
  "safe-buffer@5.2.1":
    "integrity" "sha512-rp3So07KcdmmKbGvgaNxQSJr7bGVSVk5S9Eq1F+ppbRo70+YeaDxkw5Dd8NPN+GD6bjnYm2VuPuCXmpuYvmCXQ=="
    "resolved" "https://registry.npmjs.org/safe-buffer/-/safe-buffer-5.2.1.tgz"
    "version" "5.2.1"
  
  "safer-buffer@>= 2.1.2 < 3":
    "integrity" "sha512-YZo3K82SD7Riyi0E1EQPojLz7kpepnSQI9IyPbHHg1XXXevb5dJI7tpyN2ADxGcQbHG7vcyRHk0cbwqcQriUtg=="
    "resolved" "https://registry.npmjs.org/safer-buffer/-/safer-buffer-2.1.2.tgz"
    "version" "2.1.2"
  
  "saslprep@^1.0.3":
    "integrity" "sha512-/MY/PEMbk2SuY5sScONwhUDsV2p77Znkb/q3nSVstq/yQzYJOH/Azh29p9oJLsl3LnQwSvZDKagDGBsBwSooag=="
    "resolved" "https://registry.npmjs.org/saslprep/-/saslprep-1.0.3.tgz"
    "version" "1.0.3"
    dependencies:
      "sparse-bitfield" "^3.0.3"
  
  "semver@^5.7.1":
    "integrity" "sha512-sauaDf/PZdVgrLTNYHRtpXa1iRiKcaebiKQ1BJdpQlWH2lCvexQdX55snPFyK7QzpudqbCI0qXFfOasHdyNDGQ=="
    "resolved" "https://registry.npmjs.org/semver/-/semver-5.7.1.tgz"
    "version" "5.7.1"
  
  "semver@^6.0.0":
    "integrity" "sha512-b39TBaTSfV6yBrapU89p5fKekE2m/NwnDocOVruQFS1/veMgdzuPcnOM34M6CwxW8jH/lxEa5rBoDeUwu5HHTw=="
    "resolved" "https://registry.npmjs.org/semver/-/semver-6.3.0.tgz"
    "version" "6.3.0"
  
  "semver@^7.3.4":
    "integrity" "sha512-PoeGJYh8HK4BTO/a9Tf6ZG3veo/A7ZVsYrSA6J8ny9nb3B1VrpkuN+z9OE5wfE5p6H4LchYZsegiQgbJD94ZFQ=="
    "resolved" "https://registry.npmjs.org/semver/-/semver-7.3.5.tgz"
    "version" "7.3.5"
    dependencies:
      "lru-cache" "^6.0.0"
  
  "semver@~7.0.0":
    "integrity" "sha512-+GB6zVA9LWh6zovYQLALHwv5rb2PHGlJi3lfiqIHxR0uuwCgefcOJc59v9fv1w8GbStwxuuqqAjI9NMAOOgq1A=="
    "resolved" "https://registry.npmjs.org/semver/-/semver-7.0.0.tgz"
    "version" "7.0.0"
  
  "send@0.18.0":
    "integrity" "sha512-qqWzuOjSFOuqPjFe4NOsMLafToQQwBSOEpS+FwEt3A2V3vKubTquT3vmLTQpFgMXp8AlFWFuP1qKaJZOtPpVXg=="
    "resolved" "https://registry.npmjs.org/send/-/send-0.18.0.tgz"
    "version" "0.18.0"
    dependencies:
      "debug" "2.6.9"
      "depd" "2.0.0"
      "destroy" "1.2.0"
      "encodeurl" "~1.0.2"
      "escape-html" "~1.0.3"
      "etag" "~1.8.1"
      "fresh" "0.5.2"
      "http-errors" "2.0.0"
      "mime" "1.6.0"
      "ms" "2.1.3"
      "on-finished" "2.4.1"
      "range-parser" "~1.2.1"
      "statuses" "2.0.1"
  
  "serve-static@1.15.0":
    "integrity" "sha512-XGuRDNjXUijsUL0vl6nSD7cwURuzEgglbOaFuZM9g3kwDXOWVTck0jLzjPzGD+TazWbboZYu52/9/XPdUgne9g=="
    "resolved" "https://registry.npmjs.org/serve-static/-/serve-static-1.15.0.tgz"
    "version" "1.15.0"
    dependencies:
      "encodeurl" "~1.0.2"
      "escape-html" "~1.0.3"
      "parseurl" "~1.3.3"
      "send" "0.18.0"
  
  "set-blocking@~2.0.0":
    "integrity" "sha1-BF+XgtARrppoA93TgrJDkrPYkPc= sha512-KiKBS8AnWGEyLzofFfmvKwpdPzqiy16LvQfK3yv/fVH7Bj13/wl3JSR1J+rfgRE9q7xUJK4qvgS8raSOeLUehw=="
    "resolved" "https://registry.npmjs.org/set-blocking/-/set-blocking-2.0.0.tgz"
    "version" "2.0.0"
  
  "setprototypeof@1.2.0":
    "integrity" "sha512-E5LDX7Wrp85Kil5bhZv46j8jOeboKq5JMmYM3gVGdGH8xFpPWXUMsNrlODCrkoxMEeNi/XZIwuRvY4XNwYMJpw=="
    "resolved" "https://registry.npmjs.org/setprototypeof/-/setprototypeof-1.2.0.tgz"
    "version" "1.2.0"
  
  "side-channel@^1.0.4":
    "integrity" "sha512-q5XPytqFEIKHkGdiMIrY10mvLRvnQh42/+GoBlFW3b2LXLE2xxJpZFdm94we0BaoV3RwJyGqg5wS7epxTv0Zvw=="
    "resolved" "https://registry.npmjs.org/side-channel/-/side-channel-1.0.4.tgz"
    "version" "1.0.4"
    dependencies:
      "call-bind" "^1.0.0"
      "get-intrinsic" "^1.0.2"
      "object-inspect" "^1.9.0"
  
  "sift@16.0.0":
    "integrity" "sha512-ILTjdP2Mv9V1kIxWMXeMTIRbOBrqKc4JAXmFMnFq3fKeyQ2Qwa3Dw1ubcye3vR+Y6ofA0b9gNDr/y2t6eUeIzQ=="
    "resolved" "https://registry.npmjs.org/sift/-/sift-16.0.0.tgz"
    "version" "16.0.0"
  
  "signal-exit@^3.0.0":
    "integrity" "sha512-VUJ49FC8U1OxwZLxIbTTrDvLnf/6TDgxZcK8wxR8zs13xpx7xbG60ndBlhNrFi2EMuFRoeDoJO7wthSLq42EjA=="
    "resolved" "https://registry.npmjs.org/signal-exit/-/signal-exit-3.0.3.tgz"
    "version" "3.0.3"
  
  "simple-update-notifier@^1.0.7":
    "integrity" "sha512-BBKgR84BJQJm6WjWFMHgLVuo61FBDSj1z/xSFUIozqO6wO7ii0JxCqlIud7Enr/+LhlbNI0whErq96P2qHNWew=="
    "resolved" "https://registry.npmjs.org/simple-update-notifier/-/simple-update-notifier-1.0.7.tgz"
    "version" "1.0.7"
    dependencies:
      "semver" "~7.0.0"
  
  "smart-buffer@^4.2.0":
    "integrity" "sha512-94hK0Hh8rPqQl2xXc3HsaBoOXKV20MToPkcXvwbISWLEs+64sBq5kFgn2kJDHb1Pry9yrP0dxrCI9RRci7RXKg=="
    "resolved" "https://registry.npmjs.org/smart-buffer/-/smart-buffer-4.2.0.tgz"
    "version" "4.2.0"
  
  "socks@^2.6.2":
    "integrity" "sha512-scnOe9y4VuiNUULJN72GrM26BNOjVsfPXI+j+98PkyEfsIXroa5ofyjT+FzGvn/xHs73U2JtoBYAVx9Hl4quSA=="
    "resolved" "https://registry.npmjs.org/socks/-/socks-2.7.0.tgz"
    "version" "2.7.0"
    dependencies:
      "ip" "^2.0.0"
      "smart-buffer" "^4.2.0"
  
  "sparse-bitfield@^3.0.3":
    "integrity" "sha512-kvzhi7vqKTfkh0PZU+2D2PIllw2ymqJKujUcyPMd9Y75Nv4nPbGJZXNhxsgdQab2BmlDct1YnfQCguEvHr7VsQ=="
    "resolved" "https://registry.npmjs.org/sparse-bitfield/-/sparse-bitfield-3.0.3.tgz"
    "version" "3.0.3"
    dependencies:
      "memory-pager" "^1.0.2"
  
  "statuses@2.0.1":
    "integrity" "sha512-RwNA9Z/7PrK06rYLIzFMlaF+l73iwpzsqRIFgbMLbTcLD6cOao82TaWefPXQvB2fOC4AjuYSEndS7N/mTCbkdQ=="
    "resolved" "https://registry.npmjs.org/statuses/-/statuses-2.0.1.tgz"
    "version" "2.0.1"
  
  "streamsearch@^1.1.0":
    "integrity" "sha512-Mcc5wHehp9aXz1ax6bZUyY5afg9u2rv5cqQI3mRrYkGC8rW2hM02jWuwjtL++LS5qinSyhj2QfLyNsuc+VsExg=="
    "resolved" "https://registry.npmjs.org/streamsearch/-/streamsearch-1.1.0.tgz"
    "version" "1.1.0"
  
  "string_decoder@~1.1.1":
    "integrity" "sha512-n/ShnvDi6FHbbVfviro+WojiFzv+s8MPMHBczVePfUpDJLwoLT0ht1l4YwBCbi8pJAveEEdnkHyPyTP/mzRfwg=="
    "resolved" "https://registry.npmjs.org/string_decoder/-/string_decoder-1.1.1.tgz"
    "version" "1.1.1"
    dependencies:
      "safe-buffer" "~5.1.0"
  
  "string-width@^1.0.1", "string-width@^1.0.2 || 2":
    "integrity" "sha1-EYvfW4zcUaKn5w0hHgfisLmxB9M= sha512-0XsVpQLnVCXHJfyEs8tC0zpTVIr5PKKsQtkT29IwupnPTjtPmQ3xT/4yCREF9hYkV/3M3kzcUTSAZT6a6h81tw=="
    "resolved" "https://registry.npmjs.org/string-width/-/string-width-1.0.2.tgz"
    "version" "1.0.2"
    dependencies:
      "code-point-at" "^1.0.0"
      "is-fullwidth-code-point" "^1.0.0"
      "strip-ansi" "^3.0.0"
  
  "strip-ansi@^3.0.0", "strip-ansi@^3.0.1":
    "integrity" "sha1-ajhfuIU9lS1f8F0Oiq+UJ43GPc8= sha512-VhumSSbBqDTP8p2ZLKj40UjBCV4+v8bUSEpUb4KjRgWk9pbqGF4REFj6KEagidb2f/M6AzC0EmFyDNGaw9OCzg=="
    "resolved" "https://registry.npmjs.org/strip-ansi/-/strip-ansi-3.0.1.tgz"
    "version" "3.0.1"
    dependencies:
      "ansi-regex" "^2.0.0"
  
  "supports-color@^5.3.0", "supports-color@^5.5.0":
    "integrity" "sha512-QjVjwdXIt408MIiAqCX4oUKsgU2EqAGzs2Ppkm4aQYbjm+ZEWEcW4SfFNTr4uMNZma0ey4f5lgLrkB0aX0QMow=="
    "resolved" "https://registry.npmjs.org/supports-color/-/supports-color-5.5.0.tgz"
    "version" "5.5.0"
    dependencies:
      "has-flag" "^3.0.0"
  
  "tar@^6.1.0":
    "integrity" "sha512-DUCttfhsnLCjwoDoFcI+B2iJgYa93vBnDUATYEeRx6sntCTdN01VnqsIuTlALXla/LWooNg0yEGeB+Y8WdFxGA=="
    "resolved" "https://registry.npmjs.org/tar/-/tar-6.1.0.tgz"
    "version" "6.1.0"
    dependencies:
      "chownr" "^2.0.0"
      "fs-minipass" "^2.0.0"
      "minipass" "^3.0.0"
      "minizlib" "^2.1.1"
      "mkdirp" "^1.0.3"
      "yallist" "^4.0.0"
  
  "to-regex-range@^5.0.1":
    "integrity" "sha512-65P7iz6X5yEr1cwcgvQxbbIw7Uk3gOy5dIdtZ4rDveLqhrdJP+Li/Hx6tyK0NEb+2GCyneCMJiGqrADCSNk8sQ=="
    "resolved" "https://registry.npmjs.org/to-regex-range/-/to-regex-range-5.0.1.tgz"
    "version" "5.0.1"
    dependencies:
      "is-number" "^7.0.0"
  
  "toidentifier@1.0.1":
    "integrity" "sha512-o5sSPKEkg/DIQNmH43V0/uerLrpzVedkUh8tGNvaeXpfpuwjKenlSox/2O/BTlZUtEe+JG7s5YhEz608PlAHRA=="
    "resolved" "https://registry.npmjs.org/toidentifier/-/toidentifier-1.0.1.tgz"
    "version" "1.0.1"
  
  "touch@^3.1.0":
    "integrity" "sha512-WBx8Uy5TLtOSRtIq+M03/sKDrXCLHxwDcquSP2c43Le03/9serjQBIztjRz6FkJez9D/hleyAXTBGLwwZUw9lA=="
    "resolved" "https://registry.npmjs.org/touch/-/touch-3.1.0.tgz"
    "version" "3.1.0"
    dependencies:
      "nopt" "~1.0.10"
  
  "tr46@^3.0.0":
    "integrity" "sha512-l7FvfAHlcmulp8kr+flpQZmVwtu7nfRV7NZujtN0OqES8EL4O4e0qqzL0DC5gAvx/ZC/9lk6rhcUwYvkBnBnYA=="
    "resolved" "https://registry.npmjs.org/tr46/-/tr46-3.0.0.tgz"
    "version" "3.0.0"
    dependencies:
      "punycode" "^2.1.1"
  
  "type-is@^1.6.4", "type-is@~1.6.18":
    "integrity" "sha512-TkRKr9sUTxEH8MdfuCSP7VizJyzRNMjj2J2do2Jr3Kym598JVdEksuzPQCnlFPW4ky9Q+iA+ma9BGm06XQBy8g=="
    "resolved" "https://registry.npmjs.org/type-is/-/type-is-1.6.18.tgz"
    "version" "1.6.18"
    dependencies:
      "media-typer" "0.3.0"
      "mime-types" "~2.1.24"
  
  "typedarray@^0.0.6":
    "integrity" "sha1-hnrHTjhkGHsdPUfZlqeOxciDB3c= sha512-/aCDEGatGvZ2BIk+HmLf4ifCJFwvKFNb9/JeZPMulfgFracn9QFcAf5GO8B/mweUjSoblS5In0cWhqpfs/5PQA=="
    "resolved" "https://registry.npmjs.org/typedarray/-/typedarray-0.0.6.tgz"
    "version" "0.0.6"
  
  "undefsafe@^2.0.5":
    "integrity" "sha512-WxONCrssBM8TSPRqN5EmsjVrsv4A8X12J4ArBiiayv3DyyG3ZlIg6yysuuSYdZsVz3TKcTg2fd//Ujd4CHV1iA=="
    "resolved" "https://registry.npmjs.org/undefsafe/-/undefsafe-2.0.5.tgz"
    "version" "2.0.5"
  
  "unpipe@~1.0.0", "unpipe@1.0.0":
    "integrity" "sha512-pjy2bYhSsufwWlKwPc+l3cN7+wuJlK6uz0YdJEOlQDbl6jo/YlPi4mb8agUkVC8BF7V8NuzeyPNqRksA3hztKQ=="
    "resolved" "https://registry.npmjs.org/unpipe/-/unpipe-1.0.0.tgz"
    "version" "1.0.0"
  
  "util-deprecate@~1.0.1":
    "integrity" "sha1-RQ1Nyfpw3nMnYvvS1KKJgUGaDM8= sha512-EPD5q1uXyFxJpCrLnCc1nHnq3gOa6DZBocAIiI2TaSCA7VCJ1UJDMagCzIkXNsUYfD1daK//LTEQ8xiIbrHtcw=="
    "resolved" "https://registry.npmjs.org/util-deprecate/-/util-deprecate-1.0.2.tgz"
    "version" "1.0.2"
  
  "util@^0.10.3":
    "integrity" "sha512-0Pm9hTQ3se5ll1XihRic3FDIku70C+iHUdT/W926rSgHV5QgXsYbKZN8MSC3tJtSkhuROzvsQjAaFENRXr+19A=="
    "resolved" "https://registry.npmjs.org/util/-/util-0.10.4.tgz"
    "version" "0.10.4"
    dependencies:
      "inherits" "2.0.3"
  
  "utils-merge@1.0.1":
    "integrity" "sha1-n5VxD1CiZ5R7LMwSR0HBAoQn5xM= sha512-pMZTvIkT1d+TFGvDOqodOclx0QWkkgi6Tdoa8gC8ffGAAqz9pzPTZWAybbsHHoED/ztMtkv/VoYTYyShUn81hA=="
    "resolved" "https://registry.npmjs.org/utils-merge/-/utils-merge-1.0.1.tgz"
    "version" "1.0.1"
  
  "vary@~1.1.2":
    "integrity" "sha1-IpnwLG3tMNSllhsLn3RSShj2NPw= sha512-BNGbWLfd0eUPabhkXUVm0j8uuvREyTh5ovRa/dyow/BqAbZJyC+5fU+IzQOzmAKzYqYRAISoRhdQr3eIZ/PXqg=="
    "resolved" "https://registry.npmjs.org/vary/-/vary-1.1.2.tgz"
    "version" "1.1.2"
  
  "webidl-conversions@^7.0.0":
    "integrity" "sha512-VwddBukDzu71offAQR975unBIGqfKZpM+8ZX6ySk8nYhVoo5CYaZyzt3YBvYtRtO+aoGlqxPg/B87NGVZ/fu6g=="
    "resolved" "https://registry.npmjs.org/webidl-conversions/-/webidl-conversions-7.0.0.tgz"
    "version" "7.0.0"
  
  "whatwg-url@^11.0.0":
    "integrity" "sha512-RKT8HExMpoYx4igMiVMY83lN6UeITKJlBQ+vR/8ZJ8OCdSiN3RwCq+9gH0+Xzj0+5IrM6i4j/6LuvzbZIQgEcQ=="
    "resolved" "https://registry.npmjs.org/whatwg-url/-/whatwg-url-11.0.0.tgz"
    "version" "11.0.0"
    dependencies:
      "tr46" "^3.0.0"
      "webidl-conversions" "^7.0.0"
  
  "wide-align@^1.1.0":
    "integrity" "sha512-QGkOQc8XL6Bt5PwnsExKBPuMKBxnGxWWW3fU55Xt4feHozMUhdUMaBCk290qpm/wG5u/RSKzwdAC4i51YigihA=="
    "resolved" "https://registry.npmjs.org/wide-align/-/wide-align-1.1.3.tgz"
    "version" "1.1.3"
    dependencies:
      "string-width" "^1.0.2 || 2"
  
  "wrappy@1":
    "integrity" "sha1-tSQ9jz7BqjXxNkYFvA0QNuMKtp8= sha512-l4Sp/DRseor9wL6EvV2+TuQn63dMkPjZ/sp9XkghTEbV9KlPS1xUsZ3u7/IQO4wxtcFB4bgpQPRcR3QCvezPcQ=="
    "resolved" "https://registry.npmjs.org/wrappy/-/wrappy-1.0.2.tgz"
    "version" "1.0.2"
  
  "xtend@^4.0.0":
    "integrity" "sha512-LKYU1iAXJXUgAXn9URjiu+MWhyUXHsvfp7mcuYm9dSUKK0/CjtrUwFAxD82/mCWbtLsGjFIad0wIsod4zrTAEQ=="
    "resolved" "https://registry.npmjs.org/xtend/-/xtend-4.0.2.tgz"
    "version" "4.0.2"
  
  "yallist@^4.0.0":
    "integrity" "sha512-3wdGidZyq5PB084XLES5TpOSRA3wjXAlIWMhum2kRcv/41Sn2emQ0dycQW4uZXLejwKvg6EsvbdlVL+FYEct7A=="
    "resolved" "https://registry.npmjs.org/yallist/-/yallist-4.0.0.tgz"
    "version" "4.0.0"
